<?xml version="1.0" encoding="UTF-8"?>
<coverage generated="1571140238274" clover="3.2.0">
  <project timestamp="1571140238274" name="All files">
    <metrics statements="60" coveredstatements="44" conditionals="7" coveredconditionals="2" methods="25" coveredmethods="19" elements="92" coveredelements="65" complexity="0" loc="60" ncloc="60" packages="2" files="3" classes="3"/>
    <package name="authentication">
      <metrics statements="10" coveredstatements="2" conditionals="0" coveredconditionals="0" methods="1" coveredmethods="0"/>
      <file name="authentication.js" path="/Users/personalcomputer/authjs/rtcjs/socketio-server/authentication/authentication.js">
        <metrics statements="10" coveredstatements="2" conditionals="0" coveredconditionals="0" methods="1" coveredmethods="0"/>
        <line num="1" count="1" type="stmt"/>
        <line num="3" count="1" type="stmt"/>
        <line num="5" count="0" type="stmt"/>
        <line num="7" count="0" type="stmt"/>
        <line num="8" count="0" type="stmt"/>
        <line num="9" count="0" type="stmt"/>
        <line num="10" count="0" type="stmt"/>
        <line num="11" count="0" type="stmt"/>
        <line num="12" count="0" type="stmt"/>
        <line num="14" count="0" type="stmt"/>
      </file>
    </package>
    <package name="messaging">
      <metrics statements="50" coveredstatements="42" conditionals="7" coveredconditionals="2" methods="24" coveredmethods="19"/>
      <file name="messaging.js" path="/Users/personalcomputer/authjs/rtcjs/socketio-server/messaging/messaging.js">
        <metrics statements="5" coveredstatements="5" conditionals="0" coveredconditionals="0" methods="2" coveredmethods="2"/>
        <line num="2" count="1" type="stmt"/>
        <line num="4" count="3" type="stmt"/>
        <line num="6" count="4" type="stmt"/>
        <line num="8" count="4" type="stmt"/>
        <line num="12" count="3" type="stmt"/>
      </file>
      <file name="mock-socket.js" path="/Users/personalcomputer/authjs/rtcjs/socketio-server/messaging/mock-socket.js">
        <metrics statements="45" coveredstatements="37" conditionals="7" coveredconditionals="2" methods="22" coveredmethods="17"/>
        <line num="2" count="2" type="stmt"/>
        <line num="6" count="3" type="stmt"/>
        <line num="7" count="3" type="stmt"/>
        <line num="8" count="0" type="cond" truecount="0" falsecount="2"/>
        <line num="9" count="0" type="stmt"/>
        <line num="10" count="0" type="cond" truecount="0" falsecount="2"/>
        <line num="12" count="0" type="stmt"/>
        <line num="13" count="0" type="stmt"/>
        <line num="14" count="0" type="stmt"/>
        <line num="21" count="3" type="stmt"/>
        <line num="23" count="3" type="stmt"/>
        <line num="25" count="4" type="stmt"/>
        <line num="29" count="3" type="stmt"/>
        <line num="30" count="1" type="stmt"/>
        <line num="36" count="3" type="stmt"/>
        <line num="37" count="3" type="stmt"/>
        <line num="38" count="3" type="stmt"/>
        <line num="39" count="3" type="stmt"/>
        <line num="40" count="3" type="stmt"/>
        <line num="43" count="3" type="stmt"/>
        <line num="44" count="3" type="stmt"/>
        <line num="45" count="3" type="stmt"/>
        <line num="48" count="3" type="stmt"/>
        <line num="50" count="1" type="stmt"/>
        <line num="51" count="0" type="stmt"/>
        <line num="55" count="1" type="cond" truecount="1" falsecount="1"/>
        <line num="56" count="1" type="stmt"/>
        <line num="57" count="1" type="stmt"/>
        <line num="58" count="4" type="stmt"/>
        <line num="64" count="3" type="stmt"/>
        <line num="66" count="2" type="stmt"/>
        <line num="69" count="3" type="stmt"/>
        <line num="71" count="3" type="stmt"/>
        <line num="78" count="3" type="stmt"/>
        <line num="79" count="3" type="stmt"/>
        <line num="82" count="3" type="stmt"/>
        <line num="84" count="4" type="stmt"/>
        <line num="86" count="4" type="stmt"/>
        <line num="91" count="3" type="stmt"/>
        <line num="93" count="3" type="stmt"/>
        <line num="94" count="4" type="stmt"/>
        <line num="98" count="3" type="stmt"/>
        <line num="100" count="0" type="stmt"/>
        <line num="103" count="3" type="stmt"/>
        <line num="104" count="3" type="stmt"/>
      </file>
    </package>
  </project>
</coverage>
