{"/Users/testwriter/Desktop/authjs/rtcjs/messaging-controller/lib/index.js": {"path":"/Users/testwriter/Desktop/authjs/rtcjs/messaging-controller/lib/index.js","statementMap":{"0":{"start":{"line":6,"column":4},"end":{"line":6,"column":11}},"1":{"start":{"line":7,"column":4},"end":{"line":7,"column":83}},"2":{"start":{"line":11,"column":23},"end":{"line":11,"column":33}},"3":{"start":{"line":13,"column":4},"end":{"line":13,"column":25}},"4":{"start":{"line":14,"column":4},"end":{"line":17,"column":7}},"5":{"start":{"line":15,"column":45},"end":{"line":15,"column":49}},"6":{"start":{"line":16,"column":6},"end":{"line":16,"column":60}},"7":{"start":{"line":19,"column":4},"end":{"line":21,"column":6}},"8":{"start":{"line":20,"column":6},"end":{"line":20,"column":37}},"9":{"start":{"line":23,"column":4},"end":{"line":25,"column":6}},"10":{"start":{"line":24,"column":6},"end":{"line":24,"column":38}},"11":{"start":{"line":29,"column":16},"end":{"line":39,"column":3}},"12":{"start":{"line":30,"column":4},"end":{"line":30,"column":43}},"13":{"start":{"line":31,"column":35},"end":{"line":31,"column":45}},"14":{"start":{"line":32,"column":24},"end":{"line":32,"column":34}},"15":{"start":{"line":33,"column":21},"end":{"line":33,"column":41}},"16":{"start":{"line":34,"column":4},"end":{"line":37,"column":17}},"17":{"start":{"line":38,"column":4},"end":{"line":38,"column":71}},"18":{"start":{"line":40,"column":18},"end":{"line":43,"column":3}},"19":{"start":{"line":41,"column":4},"end":{"line":41,"column":59}},"20":{"start":{"line":42,"column":4},"end":{"line":42,"column":43}},"21":{"start":{"line":45,"column":25},"end":{"line":45,"column":35}},"22":{"start":{"line":46,"column":49},"end":{"line":46,"column":59}},"23":{"start":{"line":47,"column":4},"end":{"line":47,"column":124}},"24":{"start":{"line":51,"column":0},"end":{"line":55,"column":1}}},"fnMap":{"0":{"name":"(anonymous_0)","decl":{"start":{"line":5,"column":2},"end":{"line":5,"column":3}},"loc":{"start":{"line":5,"column":15},"end":{"line":8,"column":3}},"line":5},"1":{"name":"(anonymous_1)","decl":{"start":{"line":10,"column":2},"end":{"line":10,"column":3}},"loc":{"start":{"line":10,"column":22},"end":{"line":28,"column":3}},"line":10},"2":{"name":"(anonymous_2)","decl":{"start":{"line":14,"column":35},"end":{"line":14,"column":36}},"loc":{"start":{"line":14,"column":43},"end":{"line":17,"column":5}},"line":14},"3":{"name":"(anonymous_3)","decl":{"start":{"line":19,"column":29},"end":{"line":19,"column":30}},"loc":{"start":{"line":19,"column":33},"end":{"line":21,"column":5}},"line":19},"4":{"name":"(anonymous_4)","decl":{"start":{"line":23,"column":32},"end":{"line":23,"column":33}},"loc":{"start":{"line":23,"column":36},"end":{"line":25,"column":5}},"line":23},"5":{"name":"(anonymous_5)","decl":{"start":{"line":29,"column":16},"end":{"line":29,"column":17}},"loc":{"start":{"line":29,"column":22},"end":{"line":39,"column":3}},"line":29},"6":{"name":"(anonymous_6)","decl":{"start":{"line":40,"column":18},"end":{"line":40,"column":19}},"loc":{"start":{"line":40,"column":23},"end":{"line":43,"column":3}},"line":40},"7":{"name":"(anonymous_7)","decl":{"start":{"line":44,"column":2},"end":{"line":44,"column":3}},"loc":{"start":{"line":44,"column":11},"end":{"line":48,"column":3}},"line":44}},"branchMap":{},"s":{"0":4,"1":4,"2":4,"3":4,"4":4,"5":2,"6":2,"7":4,"8":1,"9":4,"10":2,"11":4,"12":1,"13":1,"14":1,"15":1,"16":1,"17":1,"18":4,"19":1,"20":1,"21":12,"22":12,"23":12,"24":1},"f":{"0":4,"1":4,"2":2,"3":1,"4":2,"5":1,"6":1,"7":12},"b":{},"_coverageSchema":"43e27e138ebf9cfc5966b082cf9a028302ed4184","hash":"532fce44ff1ad32b4886fae4046d8fbc04f00e93"}
}
