{"/Users/personalcomputer/authjs/event-bus/index.js": {"path":"/Users/personalcomputer/authjs/event-bus/index.js","statementMap":{"0":{"start":{"line":1,"column":21},"end":{"line":1,"column":38}},"1":{"start":{"line":3,"column":21},"end":{"line":3,"column":64}},"2":{"start":{"line":4,"column":0},"end":{"line":20,"column":3}},"3":{"start":{"line":5,"column":25},"end":{"line":5,"column":43}},"4":{"start":{"line":8,"column":8},"end":{"line":8,"column":30}},"5":{"start":{"line":18,"column":0},"end":{"line":18,"column":15}}},"fnMap":{"0":{"name":"(anonymous_0)","decl":{"start":{"line":4,"column":17},"end":{"line":4,"column":18}},"loc":{"start":{"line":4,"column":29},"end":{"line":20,"column":1}},"line":4}},"branchMap":{},"s":{"0":2,"1":2,"2":2,"3":2,"4":2,"5":2},"f":{"0":2},"b":{},"_coverageSchema":"43e27e138ebf9cfc5966b082cf9a028302ed4184","hash":"f06445ed6a959e71d931ce7a18295cef8a68daa8"}
,"/Users/personalcomputer/authjs/event-bus/event-processors/jwt-processor.js": {"path":"/Users/personalcomputer/authjs/event-bus/event-processors/jwt-processor.js","statementMap":{"0":{"start":{"line":1,"column":12},"end":{"line":1,"column":35}},"1":{"start":{"line":2,"column":0},"end":{"line":12,"column":1}},"2":{"start":{"line":3,"column":4},"end":{"line":11,"column":6}},"3":{"start":{"line":4,"column":8},"end":{"line":10,"column":9}},"4":{"start":{"line":5,"column":26},"end":{"line":5,"column":72}},"5":{"start":{"line":6,"column":12},"end":{"line":6,"column":20}},"6":{"start":{"line":7,"column":12},"end":{"line":7,"column":54}},"7":{"start":{"line":9,"column":12},"end":{"line":9,"column":54}}},"fnMap":{"0":{"name":"jwtProcessor","decl":{"start":{"line":2,"column":25},"end":{"line":2,"column":37}},"loc":{"start":{"line":2,"column":47},"end":{"line":12,"column":1}},"line":2},"1":{"name":"(anonymous_1)","decl":{"start":{"line":3,"column":37},"end":{"line":3,"column":38}},"loc":{"start":{"line":3,"column":79},"end":{"line":11,"column":5}},"line":3}},"branchMap":{},"s":{"0":2,"1":2,"2":2,"3":2,"4":2,"5":1,"6":1,"7":1},"f":{"0":2,"1":2},"b":{},"_coverageSchema":"43e27e138ebf9cfc5966b082cf9a028302ed4184","hash":"e16e2d7fb20bb53b88d678840a1fd76c5f4f3c0b"}
,"/Users/personalcomputer/authjs/event-bus/jwt-controller/index.js": {"path":"/Users/personalcomputer/authjs/event-bus/jwt-controller/index.js","statementMap":{"0":{"start":{"line":1,"column":16},"end":{"line":1,"column":40}},"1":{"start":{"line":2,"column":15},"end":{"line":2,"column":55}},"2":{"start":{"line":3,"column":17},"end":{"line":3,"column":43}},"3":{"start":{"line":5,"column":0},"end":{"line":28,"column":1}},"4":{"start":{"line":8,"column":8},"end":{"line":25,"column":9}},"5":{"start":{"line":9,"column":12},"end":{"line":9,"column":20}},"6":{"start":{"line":10,"column":12},"end":{"line":13,"column":14}},"7":{"start":{"line":11,"column":16},"end":{"line":11,"column":24}},"8":{"start":{"line":12,"column":16},"end":{"line":12,"column":39}},"9":{"start":{"line":14,"column":12},"end":{"line":18,"column":14}},"10":{"start":{"line":15,"column":16},"end":{"line":15,"column":24}},"11":{"start":{"line":16,"column":16},"end":{"line":16,"column":39}},"12":{"start":{"line":17,"column":16},"end":{"line":17,"column":55}},"13":{"start":{"line":19,"column":12},"end":{"line":19,"column":20}},"14":{"start":{"line":20,"column":12},"end":{"line":20,"column":78}},"15":{"start":{"line":22,"column":12},"end":{"line":22,"column":20}},"16":{"start":{"line":23,"column":12},"end":{"line":23,"column":35}},"17":{"start":{"line":24,"column":12},"end":{"line":24,"column":51}}},"fnMap":{"0":{"name":"(anonymous_0)","decl":{"start":{"line":6,"column":19},"end":{"line":6,"column":20}},"loc":{"start":{"line":6,"column":59},"end":{"line":27,"column":5}},"line":6},"1":{"name":"(anonymous_1)","decl":{"start":{"line":10,"column":46},"end":{"line":10,"column":47}},"loc":{"start":{"line":10,"column":57},"end":{"line":13,"column":13}},"line":10},"2":{"name":"(anonymous_2)","decl":{"start":{"line":14,"column":46},"end":{"line":14,"column":47}},"loc":{"start":{"line":14,"column":57},"end":{"line":18,"column":13}},"line":14}},"branchMap":{},"s":{"0":2,"1":2,"2":2,"3":2,"4":2,"5":2,"6":2,"7":1,"8":1,"9":2,"10":1,"11":1,"12":1,"13":2,"14":2,"15":0,"16":0,"17":0},"f":{"0":2,"1":1,"2":1},"b":{},"_coverageSchema":"43e27e138ebf9cfc5966b082cf9a028302ed4184","hash":"b8ff8ab5295caa8ae9f6e580eb88012dff08dfea"}
,"/Users/personalcomputer/authjs/loggers/winston.js": {"path":"/Users/personalcomputer/authjs/loggers/winston.js","statementMap":{"0":{"start":{"line":1,"column":42},"end":{"line":1,"column":60}},"1":{"start":{"line":2,"column":44},"end":{"line":2,"column":50}},"2":{"start":{"line":3,"column":16},"end":{"line":3,"column":40}},"3":{"start":{"line":4,"column":14},"end":{"line":20,"column":1}},"4":{"start":{"line":22,"column":13},"end":{"line":35,"column":2}},"5":{"start":{"line":37,"column":0},"end":{"line":41,"column":1}},"6":{"start":{"line":39,"column":8},"end":{"line":39,"column":28}},"7":{"start":{"line":43,"column":0},"end":{"line":43,"column":23}}},"fnMap":{"0":{"name":"(anonymous_0)","decl":{"start":{"line":38,"column":11},"end":{"line":38,"column":12}},"loc":{"start":{"line":38,"column":40},"end":{"line":40,"column":5}},"line":38}},"branchMap":{},"s":{"0":2,"1":2,"2":2,"3":2,"4":2,"5":2,"6":0,"7":2},"f":{"0":0},"b":{},"_coverageSchema":"43e27e138ebf9cfc5966b082cf9a028302ed4184","hash":"314271fdc87de585356ac0de37832c82d26405fe"}
}
