TN:
SF:/Users/personalcomputer/authjs/event-bus/index.js
FN:4,(anonymous_0)
FNF:1
FNH:1
FNDA:2,(anonymous_0)
DA:1,2
DA:3,2
DA:4,2
DA:5,2
DA:8,2
DA:18,2
LF:6
LH:6
BRF:0
BRH:0
end_of_record
TN:
SF:/Users/personalcomputer/authjs/event-bus/event-processors/jwt-processor.js
FN:2,jwtProcessor
FN:3,(anonymous_1)
FNF:2
FNH:2
FNDA:2,jwtProcessor
FNDA:2,(anonymous_1)
DA:1,2
DA:2,2
DA:3,2
DA:4,2
DA:5,2
DA:6,1
DA:7,1
DA:9,1
LF:8
LH:8
BRF:0
BRH:0
end_of_record
TN:
SF:/Users/personalcomputer/authjs/event-bus/jwt-controller/index.js
FN:6,(anonymous_0)
FN:10,(anonymous_1)
FN:14,(anonymous_2)
FNF:3
FNH:3
FNDA:2,(anonymous_0)
FNDA:1,(anonymous_1)
FNDA:1,(anonymous_2)
DA:1,2
DA:2,2
DA:3,2
DA:5,2
DA:8,2
DA:9,2
DA:10,2
DA:11,1
DA:12,1
DA:14,2
DA:15,1
DA:16,1
DA:17,1
DA:19,2
DA:20,2
DA:22,0
DA:23,0
DA:24,0
LF:18
LH:15
BRF:0
BRH:0
end_of_record
TN:
SF:/Users/personalcomputer/authjs/loggers/winston.js
FN:38,(anonymous_0)
FNF:1
FNH:0
FNDA:0,(anonymous_0)
DA:1,2
DA:2,2
DA:3,2
DA:4,2
DA:22,2
DA:37,2
DA:39,0
DA:43,2
LF:8
LH:7
BRF:0
BRH:0
end_of_record
